Jul-08 10:43:19.144 [main] DEBUG nextflow.cli.Launcher - $> nextflow run /Users/quinnj2/Code/cellconsensus/nextflow/main.nf -profile local -work-dir /Users/quinnj2/Code/cellconsensus/tests/integration/pbmc3k_work --input /Users/quinnj2/Code/cellconsensus/tests/integration/pbmc3k_data/samplesheet.csv --outdir /Users/quinnj2/Code/cellconsensus/tests/integration/pbmc3k_results
Jul-08 10:43:19.175 [main] DEBUG nextflow.cli.CmdRun - N E X T F L O W  ~  version 26.04.4
Jul-08 10:43:19.189 [main] DEBUG nextflow.plugin.PluginsFacade - Setting up plugin manager > mode=prod; embedded=false; plugins-dir=/Users/quinnj2/.nextflow/plugins; core-plugins: nf-amazon@3.9.2,nf-azure@1.22.6,nf-cloudcache@0.6.0,nf-codecommit@0.5.3,nf-console@1.3.0,nf-google@1.27.3,nf-k8s@1.5.4,nf-seqera@0.21.0,nf-tower@1.28.1,nf-wave@1.21.0
Jul-08 10:43:19.203 [main] INFO  o.pf4j.DefaultPluginStatusProvider - Enabled plugins: []
Jul-08 10:43:19.204 [main] INFO  o.pf4j.DefaultPluginStatusProvider - Disabled plugins: []
Jul-08 10:43:19.205 [main] INFO  org.pf4j.DefaultPluginManager - PF4J version 3.14.1 in 'deployment' mode
Jul-08 10:43:19.211 [main] DEBUG nextflow.util.RetryConfig - Missing nextflow session - using default retry config
Jul-08 10:43:19.268 [main] DEBUG nextflow.plugin.PluginUpdater - Using plugin repository: HttpPluginRepository [registry]; url=https://registry.nextflow.io/api
Jul-08 10:43:19.270 [main] INFO  org.pf4j.AbstractPluginManager - No plugins
Jul-08 10:43:19.283 [main] DEBUG nextflow.config.ConfigBuilder - Found config base: /Users/quinnj2/Code/cellconsensus/nextflow/nextflow.config
Jul-08 10:43:19.284 [main] DEBUG nextflow.config.ConfigBuilder - Parsing config file: /Users/quinnj2/Code/cellconsensus/nextflow/nextflow.config
Jul-08 10:43:19.285 [main] DEBUG nextflow.config.ConfigParserFactory - Using config parser v2
Jul-08 10:43:19.291 [main] DEBUG nextflow.config.ConfigBuilder - Applying config profile: `local`
Jul-08 10:43:19.801 [main] DEBUG nextflow.config.ConfigBuilder - Available config profiles: [debug, local, conda, mamba, docker, arm64, emulate_amd64, singularity, podman, shifter, charliecloud, apptainer, wave, gpu, test, test_full, abims, adcra, alice, alliance_canada, apollo, arcc, aws_tower, awsbatch, azurebatch, bi, bigpurple, bih, binac2, biohpc_gen, biowulf, bluebear, cambridge, cannon, cbe, ccga_dx, ccga_cau, ceci_dragon2, ceci_nic5, cedars, ceres, cfc, cfc_dev, cheaha, computerome, create, crg, crick, cropdiversityhpc, crukmi, csiro_petrichor, czbiohub_aws, daisybio, denbi_qbic, dkfz, dirac, ebc, eddie, ebi_codon, ebi_codon_slurm, einstein, embl_hd, engaging, ethz_euler, eva, eva_grace, fgcz, fred_hutch, fsu_draco, fub_curta, genotoul, genouest, giga, gis, googlebatch, hasta, hazel, hki_genie, hypatia, humantechnopole, icr_alma, icr_davros, ifb_core, imb, imperial, incliva, ipop_up, iris, janelia, jax, jex, unsw_katana, ku_sund_danhead, kaust, ki_luria, leicester, lovelace, lrz_cm4, lugh, m3c, maestro, mahuika, mana, marjorie, marvin, mccleary, mcw_rcc, medair, mjolnir_globe, mpcdf, mpcdf_viper, mssm, munin, nci_gadi, nu_genomics, nygc, nyu_hpc, oist, pasteur, pawsey_nimbus, pawsey_setonix, pdc_kth, phoenix, psmn, purdue_bell, purdue_gautschi, purdue_negishi, qmul_apocrita, rki, rosalind, rosalind_uge, roslin, sage, sahmri, sanger, ilifu, scw, seadragon, seattlechildrens, seawulf, seg_globe, self_hosted_runner, shu_bmrc, stjude, tes, tigem, tubingen_apg, tufts, tuos_stanage, ucd_sonic, ucl_cscluster, ucl_myriad, uct_hpc, uge, unc_lccc, unc_longleaf, unibe_ibu, unity, uod_hpc, uppmax, utd_juno, uw_hyak_pedslabs, uzh, uzl_omics, vai, vsc_calcua, vsc_kul_uhasselt, vsc_ugent, wehi, wustl_htcf, xanadu, york_viking]
Jul-08 10:43:19.828 [main] DEBUG nextflow.plugin.PluginsFacade - Plugins declared=[nf-schema@2.5.1]
Jul-08 10:43:19.828 [main] DEBUG nextflow.plugin.PluginsFacade - Plugins default=[]
Jul-08 10:43:19.828 [main] DEBUG nextflow.plugin.PluginsFacade - Plugins resolved requirement=[nf-schema@2.5.1]
Jul-08 10:43:19.829 [main] DEBUG nextflow.plugin.PluginUpdater - Installing plugin nf-schema version: 2.5.1
Jul-08 10:43:19.834 [main] INFO  org.pf4j.AbstractPluginManager - Plugin 'nf-schema@2.5.1' resolved
Jul-08 10:43:19.834 [main] INFO  org.pf4j.AbstractPluginManager - Start plugin 'nf-schema@2.5.1'
Jul-08 10:43:19.838 [main] DEBUG nextflow.plugin.BasePlugin - Plugin started nf-schema@2.5.1
Jul-08 10:43:19.841 [main] DEBUG n.secret.LocalSecretsProvider - Secrets store: /Users/quinnj2/.nextflow/secrets/store.json
Jul-08 10:43:19.842 [main] DEBUG nextflow.secret.SecretsLoader - Discovered secrets providers: [nextflow.secret.LocalSecretsProvider@3830f918] - activable => nextflow.secret.LocalSecretsProvider@3830f918
Jul-08 10:43:19.849 [main] DEBUG nextflow.cli.CmdRun - Launching `/Users/quinnj2/Code/cellconsensus/nextflow/main.nf` [voluminous_lovelace] - revision: 35192a37f9
Jul-08 10:43:19.851 [main] ERROR org.pf4j.AbstractExtensionFinder - Different class loaders: 'org.pf4j.PluginClassLoader@7cf63b9a' (E) and 'jdk.internal.loader.ClassLoaders$AppClassLoader@c387f44' (EP)
Jul-08 10:43:19.861 [main] WARN  nextflow.config.ConfigValidator - Unrecognized config option 'validation.defaultIgnoreParams'
Jul-08 10:43:19.861 [main] WARN  nextflow.config.ConfigValidator - Unrecognized config option 'validation.monochromeLogs'
Jul-08 10:43:19.883 [main] DEBUG nextflow.Session - Session UUID: 3e694ab8-fb17-46e9-ab8a-23b3f7e2af2a
Jul-08 10:43:19.883 [main] DEBUG nextflow.Session - Run name: voluminous_lovelace
Jul-08 10:43:19.883 [main] DEBUG nextflow.Session - Executor pool size: 14
Jul-08 10:43:19.887 [main] DEBUG nextflow.file.FilePorter - File porter settings maxRetries=3; maxTransfers=50; pollTimeout=null
Jul-08 10:43:19.889 [main] DEBUG nextflow.util.ThreadPoolBuilder - Creating thread pool 'FileTransfer' minSize=10; maxSize=42; workQueue=LinkedBlockingQueue[-1]; allowCoreThreadTimeout=false
Jul-08 10:43:20.010 [main] DEBUG nextflow.cli.CmdRun - 
  Version: 26.04.4 build 12445
  Created: 17-06-2026 16:30 UTC (12:30 EDT)
  System: Mac OS X 15.7.7
  Runtime: Groovy 4.0.31 on OpenJDK 64-Bit Server VM 21.0.7
  Encoding: UTF-8 (UTF-8)
  Process: 71859@LSKI4845 [10.252.8.203]
  CPUs: 14 - Mem: 36 GB (151 MB) - Swap: 12 GB (1.1 GB)
Jul-08 10:43:20.016 [main] DEBUG nextflow.Session - Work-dir: /Users/quinnj2/Code/cellconsensus/tests/integration/pbmc3k_work [Mac OS X]
Jul-08 10:43:20.016 [main] DEBUG nextflow.Session - Script base path does not exist or is not a directory: /Users/quinnj2/Code/cellconsensus/nextflow/bin
Jul-08 10:43:20.020 [main] DEBUG nextflow.executor.ExecutorFactory - Extension executors providers=[]
Jul-08 10:43:20.025 [main] DEBUG nextflow.Session - Observer factory (v2): LinObserverFactory
Jul-08 10:43:20.025 [main] DEBUG nextflow.Session - Observer factory (v2): DefaultObserverFactory
Jul-08 10:43:20.032 [main] DEBUG nextflow.Session - Observer factory (v2): ValidationObserverFactory
Jul-08 10:43:20.041 [main] DEBUG nextflow.cache.CacheFactory - Using Nextflow cache factory: nextflow.cache.DefaultCacheFactory
Jul-08 10:43:20.045 [main] DEBUG nextflow.util.CustomThreadPool - Creating default thread pool > poolSize: 15; maxThreads: 1000
Jul-08 10:43:20.069 [main] DEBUG nextflow.Session - Session start
Jul-08 10:43:20.071 [main] DEBUG nextflow.trace.TraceFileObserver - Workflow started -- trace file: /Users/quinnj2/Code/cellconsensus/tests/integration/pbmc3k_results/pipeline_info/execution_trace_2026-07-08_10-43-19.txt
Jul-08 10:43:20.072 [main] DEBUG nextflow.script.ScriptLoaderFactory - Using script parser v2
Jul-08 10:43:20.578 [main] DEBUG nextflow.script.ScriptRunner - > Launching execution
Jul-08 10:43:20.612 [main] DEBUG nextflow.script.IncludeDef - Loading included plugin extensions with names: [paramsSummaryMap:paramsSummaryMap]; plugin Id: nf-schema
Jul-08 10:43:20.616 [main] DEBUG n.validation.config.ValidationConfig - Set `validation.monochromeLogs` to false
Jul-08 10:43:20.617 [main] DEBUG n.validation.config.ValidationConfig - Added the following parameters to the ignored parameters: [genomes]
Jul-08 10:43:20.626 [main] DEBUG nextflow.script.IncludeDef - Loading included plugin extensions with names: [paramsSummaryLog:paramsSummaryLog]; plugin Id: nf-schema
Jul-08 10:43:20.626 [main] DEBUG nextflow.script.IncludeDef - Loading included plugin extensions with names: [validateParameters:validateParameters]; plugin Id: nf-schema
Jul-08 10:43:20.626 [main] DEBUG nextflow.script.IncludeDef - Loading included plugin extensions with names: [paramsHelp:paramsHelp]; plugin Id: nf-schema
Jul-08 10:43:20.627 [main] DEBUG nextflow.script.IncludeDef - Loading included plugin extensions with names: [paramsSummaryMap:paramsSummaryMap]; plugin Id: nf-schema
Jul-08 10:43:20.627 [main] DEBUG nextflow.script.IncludeDef - Loading included plugin extensions with names: [samplesheetToList:samplesheetToList]; plugin Id: nf-schema
Jul-08 10:43:20.627 [main] DEBUG nextflow.script.IncludeDef - Loading included plugin extensions with names: [paramsHelp:paramsHelp]; plugin Id: nf-schema
Jul-08 10:43:20.638 [main] DEBUG nextflow.script.IncludeDef - Loading included plugin extensions with names: [paramsSummaryMap:paramsSummaryMap]; plugin Id: nf-schema
Jul-08 10:43:20.638 [main] DEBUG nextflow.script.IncludeDef - Loading included plugin extensions with names: [samplesheetToList:samplesheetToList]; plugin Id: nf-schema
Jul-08 10:43:20.638 [main] DEBUG nextflow.script.IncludeDef - Loading included plugin extensions with names: [paramsHelp:paramsHelp]; plugin Id: nf-schema
Jul-08 10:43:20.669 [main] INFO  nextflow.Nextflow - 
-[2m----------------------------------------------------[0m-
                                        [0;32m,--.[0;30m/[0;32m,-.[0m
[0;34m        ___     __   __   __   ___     [0;32m/,-._.--~'[0m
[0;34m  |\ | |__  __ /  ` /  \ |__) |__         [0;33m}  {[0m
[0;34m  | \| |       \__, \__/ |  \ |___     [0;32m\`-._,-`-,[0m
                                        [0;32m`._,._,'[0m
[0;35m  nf-core/cellconsensus 1.2.0[0m
-[2m----------------------------------------------------[0m-

Jul-08 10:43:20.685 [main] INFO  nextflow.Nextflow - [1mInput/output options[0m
  [0;34minput              : [0;32m/Users/quinnj2/Code/cellconsensus/tests/integration/pbmc3k_data/samplesheet.csv[0m
  [0;34moutdir             : [0;32m/Users/quinnj2/Code/cellconsensus/tests/integration/pbmc3k_results[0m

[1mGeneric options[0m
  [0;34mskip_multiqc       : [0;32mtrue[0m
  [0;34mtrace_report_suffix: [0;32m2026-07-08_10-43-19[0m

[1mCore Nextflow options[0m
  [0;34mrunName            : [0;32mvoluminous_lovelace[0m
  [0;34mlaunchDir          : [0;32m/Users/quinnj2/Code/cellconsensus[0m
  [0;34mworkDir            : [0;32m/Users/quinnj2/Code/cellconsensus/tests/integration/pbmc3k_work[0m
  [0;34mprojectDir         : [0;32m/Users/quinnj2/Code/cellconsensus/nextflow[0m
  [0;34muserName           : [0;32mquinnj2[0m
  [0;34mprofile            : [0;32mlocal[0m
  [0;34mconfigFiles        : [0;32m/Users/quinnj2/Code/cellconsensus/nextflow/nextflow.config[0m

!! Only displaying parameters that differ from the pipeline defaults !!
-[2m----------------------------------------------------[0m-
Jul-08 10:43:20.686 [main] INFO  nextflow.Nextflow - 
* The nf-core framework
    https://doi.org/10.1038/s41587-020-0439-x

* Software dependencies
    https://github.com/nf-core/cellconsensus/blob/master/CITATIONS.md

Jul-08 10:43:20.689 [main] DEBUG n.v.parameters.ParameterValidator - Starting parameters validation
Jul-08 10:43:20.735 [main] DEBUG n.v.v.evaluators.SchemaEvaluator - Started validating /Users/quinnj2/Code/cellconsensus/tests/integration/pbmc3k_data/samplesheet.csv
Jul-08 10:43:20.754 [main] DEBUG n.v.v.evaluators.SchemaEvaluator - Validation of file '/Users/quinnj2/Code/cellconsensus/tests/integration/pbmc3k_data/samplesheet.csv' passed!
Jul-08 10:43:20.760 [main] DEBUG n.v.parameters.ParameterValidator - Finishing parameters validation
Jul-08 10:43:20.797 [main] DEBUG n.script.dsl.ProcessConfigBuilder - Config settings `withLabel:process_medium` matches labels `process_medium` for process with name NFCORE_CELLCONSENSUS:CELLCONSENSUS:CELLCONSENSUS_ANNOTATE
Jul-08 10:43:20.798 [main] DEBUG n.script.dsl.ProcessConfigBuilder - Config settings `withName:CELLCONSENSUS_ANNOTATE` matches process NFCORE_CELLCONSENSUS:CELLCONSENSUS:CELLCONSENSUS_ANNOTATE
Jul-08 10:43:20.800 [main] DEBUG nextflow.executor.ExecutorFactory - << taskConfig executor: null
Jul-08 10:43:20.800 [main] DEBUG nextflow.executor.ExecutorFactory - >> processorType: 'local'
Jul-08 10:43:20.803 [main] DEBUG nextflow.executor.Executor - [warm up] executor > local
Jul-08 10:43:20.806 [main] DEBUG n.processor.LocalPollingMonitor - Creating local task monitor for executor 'local' > cpus=14; memory=36 GB; capacity=14; pollInterval=100ms; dumpInterval=5m
Jul-08 10:43:20.807 [main] DEBUG n.processor.TaskPollingMonitor - >>> barrier register (monitor: local)
Jul-08 10:43:20.821 [main] DEBUG nextflow.processor.TaskProcessor - Creating process 'NFCORE_CELLCONSENSUS:CELLCONSENSUS:CELLCONSENSUS_ANNOTATE': maxForks=0; fair=false; array=0
Jul-08 10:43:20.833 [main] DEBUG n.script.dsl.ProcessConfigBuilder - Config settings `withLabel:process_low` matches labels `process_low` for process with name NFCORE_CELLCONSENSUS:CELLCONSENSUS:CELLCONSENSUS_VISUALIZE
Jul-08 10:43:20.833 [main] DEBUG n.script.dsl.ProcessConfigBuilder - Config settings `withName:CELLCONSENSUS_VISUALIZE` matches process NFCORE_CELLCONSENSUS:CELLCONSENSUS:CELLCONSENSUS_VISUALIZE
Jul-08 10:43:20.834 [main] DEBUG nextflow.executor.ExecutorFactory - << taskConfig executor: null
Jul-08 10:43:20.834 [main] DEBUG nextflow.executor.ExecutorFactory - >> processorType: 'local'
Jul-08 10:43:20.834 [main] DEBUG nextflow.processor.TaskProcessor - Creating process 'NFCORE_CELLCONSENSUS:CELLCONSENSUS:CELLCONSENSUS_VISUALIZE': maxForks=0; fair=false; array=0
Jul-08 10:43:20.856 [main] DEBUG nextflow.Session - Config process names validation disabled as requested
Jul-08 10:43:20.857 [main] DEBUG nextflow.Session - Igniting dataflow network (8)
Jul-08 10:43:20.858 [main] DEBUG nextflow.processor.TaskProcessor - Starting process > NFCORE_CELLCONSENSUS:CELLCONSENSUS:CELLCONSENSUS_ANNOTATE
Jul-08 10:43:20.858 [main] DEBUG nextflow.processor.TaskProcessor - Starting process > NFCORE_CELLCONSENSUS:CELLCONSENSUS:CELLCONSENSUS_VISUALIZE
Jul-08 10:43:20.858 [main] DEBUG nextflow.script.ScriptRunner - Parsed script files:
  _nf_script_ba5283798707cf8c: /Users/quinnj2/Code/cellconsensus/nextflow/subworkflows/nf-core/utils_nfschema_plugin/main.nf
  _nf_script_89ce9bc3acb5f6b5: /Users/quinnj2/Code/cellconsensus/nextflow/subworkflows/local/utils_nfcore_cellconsensus_pipeline/main.nf
  _nf_script_d447e174b5e9a3a4: /Users/quinnj2/Code/cellconsensus/nextflow/modules/local/cellconsensus_annotate/main.nf
  _nf_script_6561b26cb33aa510: /Users/quinnj2/Code/cellconsensus/nextflow/subworkflows/nf-core/utils_nfcore_pipeline/main.nf
  _nf_script_c9bf68ab742416bf: /Users/quinnj2/Code/cellconsensus/nextflow/subworkflows/nf-core/utils_nextflow_pipeline/main.nf
  _nf_script_bba70f88821ce132: /Users/quinnj2/Code/cellconsensus/nextflow/modules/nf-core/multiqc/main.nf
  _nf_script_8e000dc129ef6f72: /Users/quinnj2/Code/cellconsensus/nextflow/modules/local/cellconsensus_visualize/main.nf
  _nf_script_f13fba2f7f355ce8: /Users/quinnj2/Code/cellconsensus/nextflow/workflows/cellconsensus.nf
  Main: /Users/quinnj2/Code/cellconsensus/nextflow/main.nf
Jul-08 10:43:20.858 [main] DEBUG nextflow.script.ScriptRunner - > Awaiting termination 
Jul-08 10:43:20.858 [main] DEBUG nextflow.Session - Session await
Jul-08 10:43:20.985 [Task submitter] WARN  n.executor.BashWrapperBuilder - Task runtime metrics are not reported when using macOS without a container engine
Jul-08 10:43:20.991 [Task submitter] DEBUG n.executor.local.LocalTaskHandler - Launch cmd line: /bin/bash -ue .command.run
Jul-08 10:43:20.991 [Task submitter] INFO  nextflow.Session - [e1/37dcfb] Submitted process > NFCORE_CELLCONSENSUS:CELLCONSENSUS:CELLCONSENSUS_ANNOTATE (pbmc3k)
Jul-08 10:43:33.637 [Task monitor] DEBUG n.processor.TaskPollingMonitor - Task completed > TaskHandler[id: 1; name: NFCORE_CELLCONSENSUS:CELLCONSENSUS:CELLCONSENSUS_ANNOTATE (pbmc3k); status: COMPLETED; exit: 0; error: -; workDir: /Users/quinnj2/Code/cellconsensus/tests/integration/pbmc3k_work/e1/37dcfbbe42ee581ad31fde172606c1]
Jul-08 10:43:33.637 [Task monitor] DEBUG nextflow.util.ThreadPoolBuilder - Creating thread pool 'TaskFinalizer' minSize=10; maxSize=42; workQueue=LinkedBlockingQueue[-1]; allowCoreThreadTimeout=false
Jul-08 10:43:33.650 [TaskFinalizer-1] DEBUG nextflow.util.ThreadPoolBuilder - Creating thread pool 'PublishDir' minSize=10; maxSize=42; workQueue=LinkedBlockingQueue[-1]; allowCoreThreadTimeout=false
Jul-08 10:43:33.657 [Task submitter] DEBUG n.executor.local.LocalTaskHandler - Launch cmd line: /bin/bash -ue .command.run
Jul-08 10:43:33.657 [Task submitter] INFO  nextflow.Session - [0c/1bc724] Submitted process > NFCORE_CELLCONSENSUS:CELLCONSENSUS:CELLCONSENSUS_VISUALIZE (pbmc3k)
Jul-08 10:43:37.888 [Task monitor] DEBUG n.processor.TaskPollingMonitor - Task completed > TaskHandler[id: 2; name: NFCORE_CELLCONSENSUS:CELLCONSENSUS:CELLCONSENSUS_VISUALIZE (pbmc3k); status: COMPLETED; exit: 0; error: -; workDir: /Users/quinnj2/Code/cellconsensus/tests/integration/pbmc3k_work/0c/1bc7240842871e83c5982706f91e5f]
Jul-08 10:43:37.891 [main] DEBUG nextflow.Session - Session await > all processes finished
Jul-08 10:43:37.900 [Actor Thread 13] DEBUG nextflow.sort.BigSort - Sort completed -- entries: 3; slices: 1; internal sort time: 0.006 s; external sort time: 0.001 s; total time: 0.007 s
Jul-08 10:43:37.902 [Actor Thread 13] DEBUG nextflow.file.FileCollector - Saved collect-files list to: /Users/quinnj2/Code/cellconsensus/tests/integration/pbmc3k_work/collect-file/16a4aaa5742ab1294b014ef44b2f9599
Jul-08 10:43:37.906 [Actor Thread 13] DEBUG nextflow.file.FileCollector - Deleting file collector temp dir: /var/folders/cv/75wsfkjn45bbn8sdb3_3x8bxlcwql5/T/nxf-2207313552537533469
Jul-08 10:43:37.991 [Task monitor] DEBUG n.processor.TaskPollingMonitor - <<< barrier arrives (monitor: local) - terminating tasks monitor poll loop
Jul-08 10:43:37.991 [main] DEBUG nextflow.Session - Session await > all barriers passed
Jul-08 10:43:37.992 [main] DEBUG nextflow.util.ThreadPoolManager - Thread pool 'TaskFinalizer' shutdown completed (hard=false)
Jul-08 10:43:37.993 [main] DEBUG nextflow.util.ThreadPoolManager - Thread pool 'PublishDir' shutdown completed (hard=false)
Jul-08 10:43:37.995 [main] INFO  nextflow.Nextflow - -[0;35m[nf-core/cellconsensus][0;32m Pipeline completed successfully[0m-
Jul-08 10:43:38.020 [main] DEBUG n.trace.WorkflowStatsObserver - Workflow completed > WorkflowStats[succeededCount=2; failedCount=0; ignoredCount=0; cachedCount=0; pendingCount=0; submittedCount=0; runningCount=0; retriesCount=0; abortedCount=0; succeedDuration=1m 24s; failedDuration=0ms; cachedDuration=0ms;loadCpus=0; loadMemory=0; peakRunning=1; peakCpus=6; peakMemory=36 GB; ]
Jul-08 10:43:38.242 [main] DEBUG nextflow.trace.ReportObserver - Workflow completed -- rendering execution report
Jul-08 10:43:38.558 [main] DEBUG nextflow.trace.TimelineObserver - Workflow completed -- rendering execution timeline
Jul-08 10:43:38.607 [main] DEBUG nextflow.trace.TraceFileObserver - Workflow completed -- saving trace file
Jul-08 10:43:38.608 [main] DEBUG nextflow.cache.CacheDB - Closing CacheDB done
Jul-08 10:43:38.612 [main] INFO  org.pf4j.AbstractPluginManager - Stop plugin 'nf-schema@2.5.1'
Jul-08 10:43:38.612 [main] DEBUG nextflow.plugin.BasePlugin - Plugin stopped nf-schema
Jul-08 10:43:38.612 [main] DEBUG nextflow.util.ThreadPoolManager - Thread pool 'FileTransfer' shutdown completed (hard=false)
Jul-08 10:43:38.613 [main] DEBUG nextflow.script.ScriptRunner - > Execution complete -- Goodbye
